2024-08-25 22:48:18-root-DEBUG-This is debug message
2024-08-25 22:48:18-root-INFO-This is info message
2024-08-25 22:48:18-root-WARNING-This is warning message
2024-08-25 22:48:18-root-ERROR-This is error message
2024-08-25 22:48:18-root-CRITICAL-This is crtical message
2024-08-25 22:48:21-root-DEBUG-This is debug message
2024-08-25 22:48:21-root-INFO-This is info message
2024-08-25 22:48:21-root-WARNING-This is warning message
2024-08-25 22:48:21-root-ERROR-This is error message
2024-08-25 22:48:21-root-CRITICAL-This is crtical message
2024-08-25 22:48:24-root-DEBUG-This is debug message
2024-08-25 22:48:24-root-INFO-This is info message
2024-08-25 22:48:24-root-WARNING-This is warning message
2024-08-25 22:48:24-root-ERROR-This is error message
2024-08-25 22:48:24-root-CRITICAL-This is crtical message
2024-08-25 22:48:29-root-DEBUG-This is debug message
2024-08-25 22:48:29-root-INFO-This is info message
2024-08-25 22:48:29-root-WARNING-This is warning message
2024-08-25 22:48:29-root-ERROR-This is error message
2024-08-25 22:48:29-root-CRITICAL-This is crtical message
2024-08-25 22:48:35-root-DEBUG-This is debug message
2024-08-25 22:48:35-root-INFO-This is info message
2024-08-25 22:48:35-root-WARNING-This is warning message
2024-08-25 22:48:35-root-ERROR-This is error message
2024-08-25 22:48:35-root-CRITICAL-This is crtical message
2024-08-25 22:48:48-root-DEBUG-This is debug message
2024-08-25 22:48:48-root-INFO-This is info message
2024-08-25 22:48:48-root-WARNING-This is warning message
2024-08-25 22:48:48-root-ERROR-This is error message
2024-08-25 22:48:48-root-CRITICAL-This is crtical message
2024-08-25 22:48:57-root-DEBUG-This is debug message
2024-08-25 22:48:57-root-INFO-This is info message
2024-08-25 22:48:57-root-WARNING-This is warning message
2024-08-25 22:48:57-root-ERROR-This is error message
2024-08-25 22:48:57-root-CRITICAL-This is crtical message
